<?xml version="1.0" encoding="UTF-8"?>
<!-- Generated by org.testng.reporters.JUnitReportReporter -->
<testsuite skipped="0" hostname="DESKTOP-IMUUQLE" name="testCases.SearchOneWayFlight" tests="1" failures="0" timestamp="10 Dec 2021 01:26:10 GMT" time="48.076" errors="0">
  <testcase name="bookFlight" time="48.076" classname="testCases.SearchOneWayFlight"/>
</testsuite> <!-- testCases.SearchOneWayFlight -->
