<?xml version="1.0" encoding="UTF-8"?>
<!-- Generated by org.testng.reporters.JUnitReportReporter -->
<testsuite skipped="0" hostname="DESKTOP-IMUUQLE" name="testCases.BookMMTHomeStay" tests="1" failures="0" timestamp="09 Dec 2021 02:48:44 GMT" time="73.208" errors="0">
  <testcase name="SearchHomeStayWithFilter" time="73.208" classname="testCases.BookMMTHomeStay"/>
</testsuite> <!-- testCases.BookMMTHomeStay -->
