<?xml version="1.0" encoding="UTF-8"?>
<!-- Generated by org.testng.reporters.JUnitReportReporter -->
<testsuite skipped="0" hostname="DESKTOP-IMUUQLE" name="testCases.SearchBuses" tests="1" failures="0" timestamp="09 Dec 2021 03:47:37 GMT" time="259.509" errors="0">
  <testcase name="searchBuses" time="259.509" classname="testCases.SearchBuses"/>
</testsuite> <!-- testCases.SearchBuses -->
