<?xml version="1.0" encoding="UTF-8"?>
<!-- Generated by org.testng.reporters.JUnitReportReporter -->
<testsuite skipped="0" hostname="DESKTOP-IMUUQLE" name="testCases.SearchMMTActivityWithKeyword" tests="1" failures="0" timestamp="09 Dec 2021 05:38:16 GMT" time="58.996" errors="0">
  <testcase name="searchActivity" time="58.996" classname="testCases.SearchMMTActivityWithKeyword"/>
</testsuite> <!-- testCases.SearchMMTActivityWithKeyword -->
