<?xml version="1.0" encoding="UTF-8"?>
<!-- Generated by org.testng.reporters.JUnitReportReporter -->
<testsuite skipped="0" hostname="DESKTOP-IMUUQLE" name="testCases.SearchBuses1" tests="1" failures="0" timestamp="09 Dec 2021 03:51:14 GMT" time="340.588" errors="0">
  <testcase name="searchBuses" time="340.588" classname="testCases.SearchBuses1"/>
</testsuite> <!-- testCases.SearchBuses1 -->
