<?xml version="1.0" encoding="UTF-8"?>
<!-- Generated by org.testng.reporters.JUnitReportReporter -->
<testsuite skipped="0" hostname="DESKTOP-IMUUQLE" name="testCases.SearchMMTHomeStay" tests="1" failures="0" timestamp="09 Dec 2021 05:46:25 GMT" time="41.554" errors="0">
  <testcase name="SearchHomeStayWithFilter" time="41.554" classname="testCases.SearchMMTHomeStay"/>
</testsuite> <!-- testCases.SearchMMTHomeStay -->
